<?xml version="1.0" encoding="UTF-8"?>
<!-- Generated by org.testng.reporters.JUnitXMLReporter -->
<testsuite ignored="2" hostname="DESKTOP-HC1J7FO" failures="0" tests="2" name="Test" time="46.408" errors="0" timestamp="2022-07-07T10:46:50 IST">
  <testcase classname="com.crm.myriad.contactTest.ContactTest" name="CreateAndDeleteContactTest" time="15.492"/>
  <testcase classname="com.crm.myriad.campaignTest.CampaignTest" name="CreateCampaignWithProductTest" time="17.556"/>
  <testcase classname="com.crm.myriad.contactTest.ContactTest" name="CreateContactTest" time="0.0">
    <ignored/>
  </testcase> <!-- CreateContactTest -->
  <testcase classname="com.crm.myriad.campaignTest.CampaignTest" name="CreateCampaignTest" time="0.0">
    <ignored/>
  </testcase> <!-- CreateCampaignTest -->
</testsuite> <!-- Test -->
