<?xml version="1.0" encoding="UTF-8"?>
<!-- Generated by org.testng.reporters.JUnitXMLReporter -->
<testsuite ignored="2" hostname="DESKTOP-HC1J7FO" failures="0" tests="3" name="Test" time="54.543" errors="0" timestamp="2022-07-07T10:44:19 IST">
  <testcase classname="com.crm.myriad.contactTest.ContactTest" name="CreateContactTest" time="10.665"/>
  <testcase classname="com.crm.myriad.organizationTest.OrganizationTest" name="CreateOrganizationTest" time="11.675"/>
  <testcase classname="com.crm.myriad.campaignTest.CampaignTest" name="CreateCampaignTest" time="10.034"/>
  <testcase classname="com.crm.myriad.campaignTest.CampaignTest" name="CreateCampaignWithProductTest" time="0.0">
    <ignored/>
  </testcase> <!-- CreateCampaignWithProductTest -->
  <testcase classname="com.crm.myriad.contactTest.ContactTest" name="CreateAndDeleteContactTest" time="0.0">
    <ignored/>
  </testcase> <!-- CreateAndDeleteContactTest -->
</testsuite> <!-- Test -->
