<?xml version="1.0" encoding="UTF-8"?>
<!-- Generated by org.testng.reporters.JUnitXMLReporter -->
<testsuite ignored="0" hostname="DESKTOP-HC1J7FO" failures="0" tests="6" name="Test" time="0.052" errors="0" timestamp="2022-07-08T16:00:28 IST">
  <testcase classname="sampleTestNG.Btwo" name="xContactTest" time="0.006"/>
  <testcase classname="sampleTestNG.Btwo" name="yContactTest" time="0.001"/>
  <testcase classname="sampleTestNG.Btwo" name="zContactTest" time="0.0"/>
  <testcase classname="sampleTestNG.Aone" name="aContactTest" time="0.001"/>
  <testcase classname="sampleTestNG.Aone" name="bContactTest" time="0.0"/>
  <testcase classname="sampleTestNG.Aone" name="cContactTest" time="0.001"/>
</testsuite> <!-- Test -->
