<?xml version="1.0" encoding="UTF-8"?>
<!-- Generated by org.testng.reporters.JUnitXMLReporter -->
<testsuite hostname="DESKTOP-HC1J7FO" ignored="0" name="Test" tests="2" failures="2" timestamp="2022-07-22T17:25:09 IST" time="4.815" errors="0">
  <testcase name="testA" time="0.009" classname="sampleTestNG.SamplReport">
    <failure type="java.lang.AssertionError" message="null">
      <![CDATA[java.lang.AssertionError: null
at sampleTestNG.SamplReport.testA(SamplReport.java:13)
at java.util.ArrayList.forEach(ArrayList.java:1259)
... Removed 29 stack frames]]>
    </failure>
  </testcase> <!-- testA -->
  <testcase name="testA" time="2.734" classname="sampleTestNG.SamplReport">
    <failure type="java.lang.NullPointerException">
      <![CDATA[java.lang.NullPointerException
at com.crm.myriad.genericlibrary.ListenerImplementationClass.onTestFailure(ListenerImplementationClass.java:43)
at java.util.ArrayList.forEach(ArrayList.java:1259)
... Removed 24 stack frames]]>
    </failure>
  </testcase> <!-- testA -->
</testsuite> <!-- Test -->
