<?xml version="1.0" encoding="UTF-8"?>
<!-- Generated by org.testng.reporters.JUnitXMLReporter -->
<testsuite hostname="DESKTOP-HC1J7FO" ignored="0" name="Test" tests="5" failures="0" timestamp="2022-07-14T20:49:04 IST" time="113.294" errors="0">
  <testcase name="CreateAndDeleteContactTest" time="15.865" classname="com.crm.myriad.contactTest.ContactTest"/>
  <testcase name="CreateContactTest" time="14.429" classname="com.crm.myriad.contactTest.ContactTest"/>
  <testcase name="CreateOrganizationTest" time="10.992" classname="com.crm.myriad.organizationTest.OrganizationTest"/>
  <testcase name="CreateCampaignTest" time="9.904" classname="com.crm.myriad.campaignTest.CampaignTest"/>
  <testcase name="CreateCampaignWithProductTest" time="25.754" classname="com.crm.myriad.campaignTest.CampaignTest"/>
</testsuite> <!-- Test -->
